This is pdfTeX, Version 3.1415926-1.40.10 (TeX Live 2009/Debian) (format=pdflatex 2012.3.13)  27 JUN 2012 18:04
entering extended mode
 %&-line parsing enabled.
**Praktikumsbericht.tex
(./Praktikumsbericht.tex
LaTeX2e <2009/09/24>
Babel <v3.8l> and hyphenation patterns for english, usenglishmax, dumylang, noh
yphenation, french, basque, ngerman, german, german-x-2009-06-19, ngerman-x-200
9-06-19, ibycus, monogreek, greek, ancientgreek, latin, spanish, galician, cata
lan, loaded.
(/usr/share/texmf-texlive/tex/latex/base/article.cls
Document Class: article 2007/10/19 v1.4h Standard LaTeX document class
(/usr/share/texmf-texlive/tex/latex/base/size10.clo
File: size10.clo 2007/10/19 v1.4h Standard LaTeX file (size option)
)
\c@part=\count79
\c@section=\count80
\c@subsection=\count81
\c@subsubsection=\count82
\c@paragraph=\count83
\c@subparagraph=\count84
\c@figure=\count85
\c@table=\count86
\abovecaptionskip=\skip41
\belowcaptionskip=\skip42
\bibindent=\dimen102
)
(/usr/share/texmf-texlive/tex/latex/base/inputenc.sty
Package: inputenc 2008/03/30 v1.1d Input encoding file
\inpenc@prehook=\toks14
\inpenc@posthook=\toks15

(/usr/share/texmf-texlive/tex/latex/ucs/utf8x.def
File: utf8x.def 2004/10/17 UCS: Input encoding UTF-8
))
(/usr/share/texmf-texlive/tex/latex/ucs/ucs.sty
Package: ucs 2004/10/17 UCS: Unicode input support

(/usr/share/texmf-texlive/tex/latex/ucs/data/uni-global.def
File: uni-global.def 2004/10/17 UCS: Unicode global data
)
\uc@secondtry=\count87
\uc@combtoks=\toks16
\uc@combtoksb=\toks17
\uc@temptokena=\toks18
)
(./Praktikumsbericht.aux)
\openout1 = `Praktikumsbericht.aux'.

LaTeX Font Info:    Checking defaults for OML/cmm/m/it on input line 20.
LaTeX Font Info:    ... okay on input line 20.
LaTeX Font Info:    Checking defaults for T1/cmr/m/n on input line 20.
LaTeX Font Info:    ... okay on input line 20.
LaTeX Font Info:    Checking defaults for OT1/cmr/m/n on input line 20.
LaTeX Font Info:    ... okay on input line 20.
LaTeX Font Info:    Checking defaults for OMS/cmsy/m/n on input line 20.
LaTeX Font Info:    ... okay on input line 20.
LaTeX Font Info:    Checking defaults for OMX/cmex/m/n on input line 20.
LaTeX Font Info:    ... okay on input line 20.
LaTeX Font Info:    Checking defaults for U/cmr/m/n on input line 20.
LaTeX Font Info:    ... okay on input line 20.
 (/usr/share/texmf-texlive/tex/latex/ucs/ucsencs.def
File: ucsencs.def 2003/11/29 Fixes to fontencodings LGR, T3
)
LaTeX Font Info:    External font `cmex10' loaded for size
(Font)              <12> on input line 21.
LaTeX Font Info:    External font `cmex10' loaded for size
(Font)              <8> on input line 21.
LaTeX Font Info:    External font `cmex10' loaded for size
(Font)              <6> on input line 21.

(/usr/share/texmf-texlive/tex/latex/ucs/data/uni-0.def
File: uni-0.def 2004/10/17 UCS: Unicode data U+0000..U+00FF
)
Underfull \hbox (badness 10000) in paragraph at lines 23--26

 []


Underfull \hbox (badness 10000) in paragraph at lines 28--32

 []


Overfull \hbox (3.4009pt too wide) in paragraph at lines 34--40
\OT1/cmr/m/n/10 wird, wie \OT1/cmr/m/it/10 Lip-sia \OT1/cmr/m/n/10 auch, von de
r Abteilung Neu-ro-physik gepflegt und zur Verf^^?ugung
 []


Overfull \hbox (10.9207pt too wide) in paragraph at lines 34--40
\OT1/cmr/m/it/10 Boost\OT1/cmr/m/n/10 .\OT1/cmr/m/it/10 Python\OT1/cmr/m/n/10 -
Bibliothek ver-wen-det, die aufwand-sarmes \OT1/cmr/m/it/10 C++\OT1/cmr/m/n/10 
-\OT1/cmr/m/it/10 wrapping \OT1/cmr/m/n/10 f^^?ur \OT1/cmr/m/it/10 Python
 []


Overfull \hbox (3.27835pt too wide) in paragraph at lines 34--40
\OT1/cmr/m/n/10 bere-its rel-a-tiv un-prob-lema-tisch im-ple-men-tiert, so dass
 ich mich fast auss-chlie^^Ylich
 []


Overfull \hbox (2.66743pt too wide) in paragraph at lines 34--40
\OT1/cmr/m/n/10 ausf^^?uhrlichen und verst^^?andlichen Doku-men-ta-tion von Cod
e und Funk-tion-alit^^?aten
 []


Underfull \hbox (badness 10000) in paragraph at lines 34--40

 []

[1

{/var/lib/texmf/fonts/map/pdftex/updmap/pdftex.map}]
Underfull \hbox (badness 10000) in paragraph at lines 42--47

 []

[2]
LaTeX Font Info:    External font `cmex10' loaded for size
(Font)              <7> on input line 50.
LaTeX Font Info:    External font `cmex10' loaded for size
(Font)              <5> on input line 50.

Underfull \hbox (badness 10000) in paragraph at lines 49--70

 []


Underfull \hbox (badness 10000) in paragraph at lines 49--70

 []


Underfull \hbox (badness 10000) in paragraph at lines 49--70

 []


Underfull \hbox (badness 10000) in paragraph at lines 49--70

 []


Underfull \hbox (badness 10000) in paragraph at lines 49--70

 []


Underfull \hbox (badness 10000) in paragraph at lines 49--70

 []


Underfull \hbox (badness 10000) in paragraph at lines 49--70

 []


Underfull \hbox (badness 10000) in paragraph at lines 49--70

 []


Underfull \hbox (badness 10000) in paragraph at lines 49--70

 []


Underfull \hbox (badness 10000) in paragraph at lines 49--70

 []


Underfull \hbox (badness 10000) in paragraph at lines 49--70

 []


Underfull \hbox (badness 10000) in paragraph at lines 49--70

 []


Underfull \hbox (badness 10000) in paragraph at lines 49--70

 []


Underfull \hbox (badness 10000) in paragraph at lines 49--70

 []


Underfull \hbox (badness 10000) in paragraph at lines 49--70

 []

[3] (./Praktikumsbericht.aux) ) 
Here is how much of TeX's memory you used:
 993 strings out of 494850
 12715 string characters out of 1175989
 69476 words of memory out of 3000000
 4260 multiletter control sequences out of 15000+50000
 7626 words of font info for 27 fonts, out of 3000000 for 9000
 99 hyphenation exceptions out of 8191
 23i,6n,22p,604b,478s stack positions out of 5000i,500n,10000p,200000b,50000s
</usr/share/texmf-texlive/fonts/type1/public/ams
fonts/cm/cmbx12.pfb></usr/share/texmf-texlive/fonts/type1/public/amsfonts/cm/cm
r10.pfb></usr/share/texmf-texlive/fonts/type1/public/amsfonts/cm/cmr12.pfb></us
r/share/texmf-texlive/fonts/type1/public/amsfonts/cm/cmr17.pfb></usr/share/texm
f-texlive/fonts/type1/public/amsfonts/cm/cmr7.pfb></usr/share/texmf-texlive/fon
ts/type1/public/amsfonts/cm/cmti10.pfb>
Output written on Praktikumsbericht.pdf (3 pages, 92501 bytes).
PDF statistics:
 36 PDF objects out of 1000 (max. 8388607)
 0 named destinations out of 1000 (max. 500000)
 1 words of extra memory for PDF output out of 10000 (max. 10000000)

